This is pdfTeX, Version 3.1415926-2.4-1.40.13 (MiKTeX 2.9) (preloaded format=pdflatex 2013.8.23)  17 JUL 2017 08:15
entering extended mode
**pract-example.tex
(C:\Users\–ö–æ–∂–∏–Ω–∞–û–ª—å–≥–∞\docs\essays\DFS-master\pract-example.tex
LaTeX2e <2011/06/27>
Babel <v3.8m> and hyphenation patterns for english, afrikaans, ancientgreek, ar
abic, armenian, assamese, basque, bengali, bokmal, bulgarian, catalan, coptic, 
croatian, czech, danish, dutch, esperanto, estonian, farsi, finnish, french, ga
lician, german, german-x-2012-05-30, greek, gujarati, hindi, hungarian, iceland
ic, indonesian, interlingua, irish, italian, kannada, kurmanji, latin, latvian,
 lithuanian, malayalam, marathi, mongolian, mongolianlmc, monogreek, ngerman, n
german-x-2012-05-30, nynorsk, oriya, panjabi, pinyin, polish, portuguese, roman
ian, russian, sanskrit, serbian, slovak, slovenian, spanish, swedish, swissgerm
an, tamil, telugu, turkish, turkmen, ukenglish, ukrainian, uppersorbian, usengl
ishmax, welsh, loaded.
(C:\Users\–ö–æ–∂–∏–Ω–∞–û–ª—å–≥–∞\docs\essays\DFS-master\SCWorks.cls
("C:\Program Files\PortableTEX\MiKTeX\tex\latex\extsizes\extarticle.cls"
Document Class: extarticle 1996/10/08 v1.0 Non Standard LaTeX document class
("C:\Program Files\PortableTEX\MiKTeX\tex\latex\extsizes\size14.clo"
File: size14.clo 1999/11/11 v1.4a NON-Standard LaTeX file (size option)
)
("C:\Program Files\PortableTEX\MiKTeX\tex\latex\base\exscale.sty"
Package: exscale 2007/10/29 v2.1h Standard LaTeX package exscale
LaTeX Font Info:    Redeclaring symbol font `largesymbols' on input line 52.
LaTeX Font Info:    Overwriting symbol font `largesymbols' in version `normal'
(Font)                  OMX/cmex/m/n --> OMX/cmex/m/n on input line 52.
LaTeX Font Info:    Overwriting symbol font `largesymbols' in version `bold'
(Font)                  OMX/cmex/m/n --> OMX/cmex/m/n on input line 52.
\big@size=\dimen102
)
\c@part=\count79
\c@section=\count80
\c@subsection=\count81
\c@subsubsection=\count82
\c@paragraph=\count83
\c@subparagraph=\count84
\c@figure=\count85
\c@table=\count86
\abovecaptionskip=\skip41
\belowcaptionskip=\skip42
\bibindent=\dimen103
)
("C:\Program Files\PortableTEX\MiKTeX\tex\latex\geometry\geometry.sty"
Package: geometry 2010/09/12 v5.6 Page Geometry

("C:\Program Files\PortableTEX\MiKTeX\tex\latex\graphics\keyval.sty"
Package: keyval 1999/03/16 v1.13 key=value parser (DPC)
\KV@toks@=\toks14
)
("C:\Program Files\PortableTEX\MiKTeX\tex\generic\oberdiek\ifpdf.sty"
Package: ifpdf 2011/01/30 v2.3 Provides the ifpdf switch (HO)
Package ifpdf Info: pdfTeX in PDF mode is detected.
)
("C:\Program Files\PortableTEX\MiKTeX\tex\generic\oberdiek\ifvtex.sty"
Package: ifvtex 2010/03/01 v1.5 Detect VTeX and its facilities (HO)
Package ifvtex Info: VTeX not detected.
)
("C:\Program Files\PortableTEX\MiKTeX\tex\generic\ifxetex\ifxetex.sty"
Package: ifxetex 2010/09/12 v0.6 Provides ifxetex conditional
)
\Gm@cnth=\count87
\Gm@cntv=\count88
\c@Gm@tempcnt=\count89
\Gm@bindingoffset=\dimen104
\Gm@wd@mp=\dimen105
\Gm@odd@mp=\dimen106
\Gm@even@mp=\dimen107
\Gm@layoutwidth=\dimen108
\Gm@layoutheight=\dimen109
\Gm@layouthoffset=\dimen110
\Gm@layoutvoffset=\dimen111
\Gm@dimlist=\toks15

("C:\Program Files\PortableTEX\MiKTeX\tex\latex\geometry\geometry.cfg"))
("C:\Program Files\PortableTEX\MiKTeX\tex\latex\setspace\setspace.sty"
Package: setspace 2011/12/19 v6.7a set line spacing
)
("C:\Program Files\PortableTEX\MiKTeX\tex\latex\tools\calc.sty"
Package: calc 2007/08/22 v4.3 Infix arithmetic (KKT,FJ)
\calc@Acount=\count90
\calc@Bcount=\count91
\calc@Adimen=\dimen112
\calc@Bdimen=\dimen113
\calc@Askip=\skip43
\calc@Bskip=\skip44
LaTeX Info: Redefining \setlength on input line 76.
LaTeX Info: Redefining \addtolength on input line 77.
\calc@Ccount=\count92
\calc@Cskip=\skip45
)
("C:\Program Files\PortableTEX\MiKTeX\tex\latex\titlesec\titlesec.sty"
Package: titlesec 2011/12/15 v2.10.0 Sectioning titles
\ttl@box=\box26
\beforetitleunit=\skip46
\aftertitleunit=\skip47
\ttl@plus=\dimen114
\ttl@minus=\dimen115
\ttl@toksa=\toks16
\titlewidth=\dimen116
\titlewidthlast=\dimen117
\titlewidthfirst=\dimen118
)
("C:\Program Files\PortableTEX\MiKTeX\tex\latex\titlesec\titletoc.sty"
Package: titletoc 2011/12/15 v1.6 TOC entries
\ttl@leftsep=\dimen119
)
("C:\Program Files\PortableTEX\MiKTeX\tex\latex\caption\caption.sty"
Package: caption 2013/02/03 v3.3-65 Customizing captions (AR)

("C:\Program Files\PortableTEX\MiKTeX\tex\latex\caption\caption3.sty"
Package: caption3 2013/02/03 v1.5-62 caption3 kernel (AR)
\captionmargin=\dimen120
\captionmargin@=\dimen121
\captionwidth=\dimen122
\caption@tempdima=\dimen123
\caption@indent=\dimen124
\caption@parindent=\dimen125
\caption@hangindent=\dimen126
)
\c@ContinuedFloat=\count93
)
("C:\Program Files\PortableTEX\MiKTeX\tex\latex\enumitem\enumitem.sty"
Package: enumitem 2011/09/28 v3.5.2 Customized lists
\labelindent=\skip48
\enit@outerparindent=\dimen127
\enit@toks=\toks17
\enit@inbox=\box27
\enitdp@description=\count94
)
\tmp=\skip49

("C:\Program Files\PortableTEX\MiKTeX\tex\latex\titlesec\block.tss"
File: block.tss 2011/12/15
))
("C:\Program Files\PortableTEX\MiKTeX\tex\latex\base\fontenc.sty"
Package: fontenc 2005/09/27 v1.99g Standard LaTeX package

("C:\Program Files\PortableTEX\MiKTeX\tex\latex\cyrillic\t2aenc.def"
File: t2aenc.def 2005/09/27 v1.0i Cyrillic encoding definition file
)
LaTeX Font Info:    Try loading font information for T2A+cmr on input line 100.


("C:\Program Files\PortableTEX\MiKTeX\tex\latex\cyrillic\t2acmr.fd"
File: t2acmr.fd 2001/08/11 v1.0a Computer Modern Cyrillic font definitions
))
("C:\Program Files\PortableTEX\MiKTeX\tex\latex\base\inputenc.sty"
Package: inputenc 2008/03/30 v1.1d Input encoding file
\inpenc@prehook=\toks18
\inpenc@posthook=\toks19

("C:\Program Files\PortableTEX\MiKTeX\tex\latex\cyrillic\cp1251.def"
File: cp1251.def 1999/11/16 v1.0d Input encoding file
))
("C:\Program Files\PortableTEX\MiKTeX\tex\latex\graphics\graphicx.sty"
Package: graphicx 1999/02/16 v1.0f Enhanced LaTeX Graphics (DPC,SPQR)

("C:\Program Files\PortableTEX\MiKTeX\tex\latex\graphics\graphics.sty"
Package: graphics 2009/02/05 v1.0o Standard LaTeX Graphics (DPC,SPQR)

("C:\Program Files\PortableTEX\MiKTeX\tex\latex\graphics\trig.sty"
Package: trig 1999/03/16 v1.09 sin cos tan (DPC)
)
("C:\Program Files\PortableTEX\MiKTeX\tex\latex\00miktex\graphics.cfg"
File: graphics.cfg 2007/01/18 v1.5 graphics configuration of teTeX/TeXLive
)
Package graphics Info: Driver file: pdftex.def on input line 91.

("C:\Program Files\PortableTEX\MiKTeX\tex\latex\pdftex-def\pdftex.def"
File: pdftex.def 2011/05/27 v0.06d Graphics/color for pdfTeX

("C:\Program Files\PortableTEX\MiKTeX\tex\generic\oberdiek\infwarerr.sty"
Package: infwarerr 2010/04/08 v1.3 Providing info/warning/error messages (HO)
)
("C:\Program Files\PortableTEX\MiKTeX\tex\generic\oberdiek\ltxcmds.sty"
Package: ltxcmds 2011/11/09 v1.22 LaTeX kernel commands for general use (HO)
)
\Gread@gobject=\count95
))
\Gin@req@height=\dimen128
\Gin@req@width=\dimen129
)
("C:\Program Files\PortableTEX\MiKTeX\tex\latex\cite\cite.sty"
LaTeX Info: Redefining \cite on input line 302.
LaTeX Info: Redefining \nocite on input line 373.
Package: cite 2010/09/10  v 5.3
)
("C:\Program Files\PortableTEX\MiKTeX\tex\latex\ams\math\amsmath.sty"
Package: amsmath 2000/07/18 v2.13 AMS math features
\@mathmargin=\skip50

For additional information on amsmath, use the `?' option.
("C:\Program Files\PortableTEX\MiKTeX\tex\latex\ams\math\amstext.sty"
Package: amstext 2000/06/29 v2.01

("C:\Program Files\PortableTEX\MiKTeX\tex\latex\ams\math\amsgen.sty"
File: amsgen.sty 1999/11/30 v2.0
\@emptytoks=\toks20
\ex@=\dimen130
))
("C:\Program Files\PortableTEX\MiKTeX\tex\latex\ams\math\amsbsy.sty"
Package: amsbsy 1999/11/29 v1.2d
\pmbraise@=\dimen131
)
("C:\Program Files\PortableTEX\MiKTeX\tex\latex\ams\math\amsopn.sty"
Package: amsopn 1999/12/14 v2.01 operator names
)
\inf@bad=\count96
LaTeX Info: Redefining \frac on input line 211.
\uproot@=\count97
\leftroot@=\count98
LaTeX Info: Redefining \overline on input line 307.
\classnum@=\count99
\DOTSCASE@=\count100
LaTeX Info: Redefining \ldots on input line 379.
LaTeX Info: Redefining \dots on input line 382.
LaTeX Info: Redefining \cdots on input line 467.
\Mathstrutbox@=\box28
\strutbox@=\box29
\big@size=\dimen132
LaTeX Font Info:    Redeclaring font encoding OML on input line 567.
LaTeX Font Info:    Redeclaring font encoding OMS on input line 568.
\macc@depth=\count101
\c@MaxMatrixCols=\count102
\dotsspace@=\muskip10
\c@parentequation=\count103
\dspbrk@lvl=\count104
\tag@help=\toks21
\row@=\count105
\column@=\count106
\maxfields@=\count107
\andhelp@=\toks22
\eqnshift@=\dimen133
\alignsep@=\dimen134
\tagshift@=\dimen135
\tagwidth@=\dimen136
\totwidth@=\dimen137
\lineht@=\dimen138
\@envbody=\toks23
\multlinegap=\skip51
\multlinetaggap=\skip52
\mathdisplay@stack=\toks24
LaTeX Info: Redefining \[ on input line 2666.
LaTeX Info: Redefining \] on input line 2667.
)
("C:\Program Files\PortableTEX\MiKTeX\tex\latex\amsfonts\amssymb.sty"
Package: amssymb 2009/06/22 v3.00

("C:\Program Files\PortableTEX\MiKTeX\tex\latex\amsfonts\amsfonts.sty"
Package: amsfonts 2009/06/22 v3.00 Basic AMSFonts support
\symAMSa=\mathgroup4
\symAMSb=\mathgroup5
LaTeX Font Info:    Overwriting math alphabet `\mathfrak' in version `bold'
(Font)                  U/euf/m/n --> U/euf/b/n on input line 96.
))
("C:\Program Files\PortableTEX\MiKTeX\tex\latex\ams\classes\amsthm.sty"
Package: amsthm 2004/08/06 v2.20
\thm@style=\toks25
\thm@bodyfont=\toks26
\thm@headfont=\toks27
\thm@notefont=\toks28
\thm@headpunct=\toks29
\thm@preskip=\skip53
\thm@postskip=\skip54
\thm@headsep=\skip55
\dth@everypar=\toks30
)
("C:\Program Files\PortableTEX\MiKTeX\tex\latex\fancyvrb\fancyvrb.sty"
Package: fancyvrb 2008/02/07

Style option: `fancyvrb' v2.7a, with DG/SPQR fixes, and firstline=lastline fix 
<2008/02/07> (tvz)
\FV@CodeLineNo=\count108
\FV@InFile=\read1
\FV@TabBox=\box30
\c@FancyVerbLine=\count109
\FV@StepNumber=\count110
\FV@OutFile=\write3
)
("C:\Program Files\PortableTEX\MiKTeX\tex\latex\tools\longtable.sty"
Package: longtable 2004/02/01 v4.11 Multi-page Table package (DPC)
\LTleft=\skip56
\LTright=\skip57
\LTpre=\skip58
\LTpost=\skip59
\LTchunksize=\count111
\LTcapwidth=\dimen139
\LT@head=\box31
\LT@firsthead=\box32
\LT@foot=\box33
\LT@lastfoot=\box34
\LT@cols=\count112
\LT@rows=\count113
\c@LT@tables=\count114
\c@LT@chunks=\count115
\LT@p@ftn=\toks31
)
("C:\Program Files\PortableTEX\MiKTeX\tex\latex\listings\listings.sty"
\lst@mode=\count116
\lst@gtempboxa=\box35
\lst@token=\toks32
\lst@length=\count117
\lst@currlwidth=\dimen140
\lst@column=\count118
\lst@pos=\count119
\lst@lostspace=\dimen141
\lst@width=\dimen142
\lst@newlines=\count120
\lst@lineno=\count121
\lst@maxwidth=\dimen143

("C:\Program Files\PortableTEX\MiKTeX\tex\latex\listings\lstmisc.sty"
File: lstmisc.sty 2015/06/04 1.6 (Carsten Heinz)
\c@lstnumber=\count122
\lst@skipnumbers=\count123
\lst@framebox=\box36
)
("C:\Program Files\PortableTEX\MiKTeX\tex\latex\listings\listings.cfg"
File: listings.cfg 2015/06/04 1.6 listings configuration
))
Package: listings 2015/06/04 1.6 (Carsten Heinz)

("C:\Program Files\PortableTEX\MiKTeX\tex\latex\oberdiek\listingsutf8.sty"
Package: listingsutf8 2011/11/10 v1.2 Allow UTF-8 in listings input (HO)

("C:\Program Files\PortableTEX\MiKTeX\tex\generic\oberdiek\pdftexcmds.sty"
Package: pdftexcmds 2011/11/29 v0.20 Utility functions of pdfTeX for LuaTeX (HO
)

("C:\Program Files\PortableTEX\MiKTeX\tex\generic\oberdiek\ifluatex.sty"
Package: ifluatex 2010/03/01 v1.3 Provides the ifluatex switch (HO)
Package ifluatex Info: LuaTeX not detected.
)
Package pdftexcmds Info: LuaTeX not detected.
Package pdftexcmds Info: \pdf@primitive is available.
Package pdftexcmds Info: \pdf@ifprimitive is available.
Package pdftexcmds Info: \pdfdraftmode found.
)
("C:\Program Files\PortableTEX\MiKTeX\tex\generic\oberdiek\stringenc.sty"
Package: stringenc 2011/12/02 v1.10 Convert strings between diff. encodings (HO
)

("C:\Program Files\PortableTEX\MiKTeX\tex\generic\oberdiek\pdfescape.sty"
Package: pdfescape 2011/11/25 v1.13 Implements pdfTeX's escape features (HO)
)))
("C:\Program Files\PortableTEX\MiKTeX\tex\latex\tools\array.sty"
Package: array 2008/09/09 v2.4c Tabular extension package (FMi)
\col@sep=\dimen144
\extrarowheight=\dimen145
\NC@list=\toks33
\extratabsurround=\skip60
\backup@length=\skip61
)
("C:\Program Files\PortableTEX\MiKTeX\tex\generic\babel\babel.sty"
Package: babel 2008/07/08 v3.8m The Babel package

*************************************
* Local config file bblopts.cfg used
*
("C:\Program Files\PortableTEX\MiKTeX\tex\latex\00miktex\bblopts.cfg"
File: bblopts.cfg 2006/07/31 v1.0 MiKTeX 'babel' configuration
)
("C:\Program Files\PortableTEX\MiKTeX\tex\generic\babel\english.ldf"
Language: english 2005/03/30 v3.3o English support from the babel system

("C:\Program Files\PortableTEX\MiKTeX\tex\generic\babel\babel.def"
File: babel.def 2008/07/08 v3.8m Babel common definitions
\babel@savecnt=\count124
\U@D=\dimen146
)
\l@canadian = a dialect from \language\l@american 
\l@australian = a dialect from \language\l@british 
\l@newzealand = a dialect from \language\l@british 
)
("C:\Program Files\PortableTEX\MiKTeX\tex\generic\babel\russianb.ldf"
Language: russianb 2008/03/21 v1.1r Russian support from the babel system
Package babel Info: Making " an active character on input line 199.
))
("C:\Program Files\PortableTEX\MiKTeX\tex\latex\pgf\frontendlayer\tikz.sty"
("C:\Program Files\PortableTEX\MiKTeX\tex\latex\pgf\basiclayer\pgf.sty"
("C:\Program Files\PortableTEX\MiKTeX\tex\latex\pgf\utilities\pgfrcs.sty"
("C:\Program Files\PortableTEX\MiKTeX\tex\generic\pgf\utilities\pgfutil-common.
tex"
\pgfutil@everybye=\toks34
)
("C:\Program Files\PortableTEX\MiKTeX\tex\generic\pgf\utilities\pgfutil-latex.d
ef"
\pgfutil@abb=\box37
 ("C:\Program Files\PortableTEX\MiKTeX\tex\latex\ms\everyshi.sty"
Package: everyshi 2001/05/15 v3.00 EveryShipout Package (MS)
))
("C:\Program Files\PortableTEX\MiKTeX\tex\generic\pgf\utilities\pgfrcs.code.tex
"
Package: pgfrcs 2010/10/25 v2.10 (rcs-revision 1.24)
))
Package: pgf 2008/01/15 v2.10 (rcs-revision 1.12)
 ("C:\Program Files\PortableTEX\MiKTeX\tex\latex\pgf\basiclayer\pgfcore.sty" ("
C:\Program Files\PortableTEX\MiKTeX\tex\latex\pgf\systemlayer\pgfsys.sty"
("C:\Program Files\PortableTEX\MiKTeX\tex\generic\pgf\systemlayer\pgfsys.code.t
ex"
Package: pgfsys 2010/06/30 v2.10 (rcs-revision 1.37)

("C:\Program Files\PortableTEX\MiKTeX\tex\generic\pgf\utilities\pgfkeys.code.te
x"
\pgfkeys@pathtoks=\toks35
\pgfkeys@temptoks=\toks36

("C:\Program Files\PortableTEX\MiKTeX\tex\generic\pgf\utilities\pgfkeysfiltered
.code.tex"
\pgfkeys@tmptoks=\toks37
))
\pgf@x=\dimen147
\pgf@y=\dimen148
\pgf@xa=\dimen149
\pgf@ya=\dimen150
\pgf@xb=\dimen151
\pgf@yb=\dimen152
\pgf@xc=\dimen153
\pgf@yc=\dimen154
\w@pgf@writea=\write4
\r@pgf@reada=\read2
\c@pgf@counta=\count125
\c@pgf@countb=\count126
\c@pgf@countc=\count127
\c@pgf@countd=\count128

("C:\Program Files\PortableTEX\MiKTeX\tex\generic\pgf\systemlayer\pgf.cfg"
File: pgf.cfg 2008/05/14  (rcs-revision 1.7)
)
Package pgfsys Info: Driver file for pgf: pgfsys-pdftex.def on input line 900.

("C:\Program Files\PortableTEX\MiKTeX\tex\generic\pgf\systemlayer\pgfsys-pdftex
.def"
File: pgfsys-pdftex.def 2009/05/22  (rcs-revision 1.26)

("C:\Program Files\PortableTEX\MiKTeX\tex\generic\pgf\systemlayer\pgfsys-common
-pdf.def"
File: pgfsys-common-pdf.def 2008/05/19  (rcs-revision 1.10)
)))
("C:\Program Files\PortableTEX\MiKTeX\tex\generic\pgf\systemlayer\pgfsyssoftpat
h.code.tex"
File: pgfsyssoftpath.code.tex 2008/07/18  (rcs-revision 1.7)
\pgfsyssoftpath@smallbuffer@items=\count129
\pgfsyssoftpath@bigbuffer@items=\count130
)
("C:\Program Files\PortableTEX\MiKTeX\tex\generic\pgf\systemlayer\pgfsysprotoco
l.code.tex"
File: pgfsysprotocol.code.tex 2006/10/16  (rcs-revision 1.4)
)) ("C:\Program Files\PortableTEX\MiKTeX\tex\latex\xcolor\xcolor.sty"
Package: xcolor 2007/01/21 v2.11 LaTeX color extensions (UK)
 ("C:\Program Files\PortableTEX\MiKTeX\tex\latex\00miktex\color.cfg"
File: color.cfg 2007/01/18 v1.5 color configuration of teTeX/TeXLive
)
Package xcolor Info: Driver file: pdftex.def on input line 225.
Package xcolor Info: Model `cmy' substituted by `cmy0' on input line 1337.
Package xcolor Info: Model `hsb' substituted by `rgb' on input line 1341.
Package xcolor Info: Model `RGB' extended on input line 1353.
Package xcolor Info: Model `HTML' substituted by `rgb' on input line 1355.
Package xcolor Info: Model `Hsb' substituted by `hsb' on input line 1356.
Package xcolor Info: Model `tHsb' substituted by `hsb' on input line 1357.
Package xcolor Info: Model `HSB' substituted by `hsb' on input line 1358.
Package xcolor Info: Model `Gray' substituted by `gray' on input line 1359.
Package xcolor Info: Model `wave' substituted by `hsb' on input line 1360.
)
("C:\Program Files\PortableTEX\MiKTeX\tex\generic\pgf\basiclayer\pgfcore.code.t
ex"
Package: pgfcore 2010/04/11 v2.10 (rcs-revision 1.7)
 ("C:\Program Files\PortableTEX\MiKTeX\tex\generic\pgf\math\pgfmath.code.tex"
("C:\Program Files\PortableTEX\MiKTeX\tex\generic\pgf\math\pgfmathcalc.code.tex
"
("C:\Program Files\PortableTEX\MiKTeX\tex\generic\pgf\math\pgfmathutil.code.tex
")
("C:\Program Files\PortableTEX\MiKTeX\tex\generic\pgf\math\pgfmathparser.code.t
ex"
\pgfmath@dimen=\dimen155
\pgfmath@count=\count131
\pgfmath@box=\box38
\pgfmath@toks=\toks38
\pgfmath@stack@operand=\toks39
\pgfmath@stack@operation=\toks40
)
("C:\Program Files\PortableTEX\MiKTeX\tex\generic\pgf\math\pgfmathfunctions.cod
e.tex"
("C:\Program Files\PortableTEX\MiKTeX\tex\generic\pgf\math\pgfmathfunctions.bas
ic.code.tex")
("C:\Program Files\PortableTEX\MiKTeX\tex\generic\pgf\math\pgfmathfunctions.tri
gonometric.code.tex")
("C:\Program Files\PortableTEX\MiKTeX\tex\generic\pgf\math\pgfmathfunctions.ran
dom.code.tex")
("C:\Program Files\PortableTEX\MiKTeX\tex\generic\pgf\math\pgfmathfunctions.com
parison.code.tex")
("C:\Program Files\PortableTEX\MiKTeX\tex\generic\pgf\math\pgfmathfunctions.bas
e.code.tex")
("C:\Program Files\PortableTEX\MiKTeX\tex\generic\pgf\math\pgfmathfunctions.rou
nd.code.tex")
("C:\Program Files\PortableTEX\MiKTeX\tex\generic\pgf\math\pgfmathfunctions.mis
c.code.tex")))
("C:\Program Files\PortableTEX\MiKTeX\tex\generic\pgf\math\pgfmathfloat.code.te
x"
\c@pgfmathroundto@lastzeros=\count132
))
("C:\Program Files\PortableTEX\MiKTeX\tex\generic\pgf\basiclayer\pgfcorepoints.
code.tex"
File: pgfcorepoints.code.tex 2010/04/09  (rcs-revision 1.20)
\pgf@picminx=\dimen156
\pgf@picmaxx=\dimen157
\pgf@picminy=\dimen158
\pgf@picmaxy=\dimen159
\pgf@pathminx=\dimen160
\pgf@pathmaxx=\dimen161
\pgf@pathminy=\dimen162
\pgf@pathmaxy=\dimen163
\pgf@xx=\dimen164
\pgf@xy=\dimen165
\pgf@yx=\dimen166
\pgf@yy=\dimen167
\pgf@zx=\dimen168
\pgf@zy=\dimen169
)
("C:\Program Files\PortableTEX\MiKTeX\tex\generic\pgf\basiclayer\pgfcorepathcon
struct.code.tex"
File: pgfcorepathconstruct.code.tex 2010/08/03  (rcs-revision 1.24)
\pgf@path@lastx=\dimen170
\pgf@path@lasty=\dimen171
)
("C:\Program Files\PortableTEX\MiKTeX\tex\generic\pgf\basiclayer\pgfcorepathusa
ge.code.tex"
File: pgfcorepathusage.code.tex 2008/04/22  (rcs-revision 1.12)
\pgf@shorten@end@additional=\dimen172
\pgf@shorten@start@additional=\dimen173
)
("C:\Program Files\PortableTEX\MiKTeX\tex\generic\pgf\basiclayer\pgfcorescopes.
code.tex"
File: pgfcorescopes.code.tex 2010/09/08  (rcs-revision 1.34)
\pgfpic=\box39
\pgf@hbox=\box40
\pgf@layerbox@main=\box41
\pgf@picture@serial@count=\count133
)
("C:\Program Files\PortableTEX\MiKTeX\tex\generic\pgf\basiclayer\pgfcoregraphic
state.code.tex"
File: pgfcoregraphicstate.code.tex 2008/04/22  (rcs-revision 1.9)
\pgflinewidth=\dimen174
)
("C:\Program Files\PortableTEX\MiKTeX\tex\generic\pgf\basiclayer\pgfcoretransfo
rmations.code.tex"
File: pgfcoretransformations.code.tex 2009/06/10  (rcs-revision 1.11)
\pgf@pt@x=\dimen175
\pgf@pt@y=\dimen176
\pgf@pt@temp=\dimen177
)
("C:\Program Files\PortableTEX\MiKTeX\tex\generic\pgf\basiclayer\pgfcorequick.c
ode.tex"
File: pgfcorequick.code.tex 2008/10/09  (rcs-revision 1.3)
)
("C:\Program Files\PortableTEX\MiKTeX\tex\generic\pgf\basiclayer\pgfcoreobjects
.code.tex"
File: pgfcoreobjects.code.tex 2006/10/11  (rcs-revision 1.2)
)
("C:\Program Files\PortableTEX\MiKTeX\tex\generic\pgf\basiclayer\pgfcorepathpro
cessing.code.tex"
File: pgfcorepathprocessing.code.tex 2008/10/09  (rcs-revision 1.8)
)
("C:\Program Files\PortableTEX\MiKTeX\tex\generic\pgf\basiclayer\pgfcorearrows.
code.tex"
File: pgfcorearrows.code.tex 2008/04/23  (rcs-revision 1.11)
)
("C:\Program Files\PortableTEX\MiKTeX\tex\generic\pgf\basiclayer\pgfcoreshade.c
ode.tex"
File: pgfcoreshade.code.tex 2008/11/23  (rcs-revision 1.13)
\pgf@max=\dimen178
\pgf@sys@shading@range@num=\count134
)
("C:\Program Files\PortableTEX\MiKTeX\tex\generic\pgf\basiclayer\pgfcoreimage.c
ode.tex"
File: pgfcoreimage.code.tex 2010/03/25  (rcs-revision 1.16)

("C:\Program Files\PortableTEX\MiKTeX\tex\generic\pgf\basiclayer\pgfcoreexterna
l.code.tex"
File: pgfcoreexternal.code.tex 2010/09/01  (rcs-revision 1.17)
\pgfexternal@startupbox=\box42
))
("C:\Program Files\PortableTEX\MiKTeX\tex\generic\pgf\basiclayer\pgfcorelayers.
code.tex"
File: pgfcorelayers.code.tex 2010/08/27  (rcs-revision 1.2)
)
("C:\Program Files\PortableTEX\MiKTeX\tex\generic\pgf\basiclayer\pgfcoretranspa
rency.code.tex"
File: pgfcoretransparency.code.tex 2008/01/17  (rcs-revision 1.2)
)
("C:\Program Files\PortableTEX\MiKTeX\tex\generic\pgf\basiclayer\pgfcorepattern
s.code.tex"
File: pgfcorepatterns.code.tex 2009/07/02  (rcs-revision 1.3)
)))
("C:\Program Files\PortableTEX\MiKTeX\tex\generic\pgf\modules\pgfmoduleshapes.c
ode.tex"
File: pgfmoduleshapes.code.tex 2010/09/09  (rcs-revision 1.13)
\pgfnodeparttextbox=\box43
)
("C:\Program Files\PortableTEX\MiKTeX\tex\generic\pgf\modules\pgfmoduleplot.cod
e.tex"
File: pgfmoduleplot.code.tex 2010/10/22  (rcs-revision 1.8)
)
("C:\Program Files\PortableTEX\MiKTeX\tex\latex\pgf\compatibility\pgfcomp-versi
on-0-65.sty"
Package: pgfcomp-version-0-65 2007/07/03 v2.10 (rcs-revision 1.7)
\pgf@nodesepstart=\dimen179
\pgf@nodesepend=\dimen180
)
("C:\Program Files\PortableTEX\MiKTeX\tex\latex\pgf\compatibility\pgfcomp-versi
on-1-18.sty"
Package: pgfcomp-version-1-18 2007/07/23 v2.10 (rcs-revision 1.1)
))
("C:\Program Files\PortableTEX\MiKTeX\tex\latex\pgf\utilities\pgffor.sty"
("C:\Program Files\PortableTEX\MiKTeX\tex\latex\pgf\utilities\pgfkeys.sty"
("C:\Program Files\PortableTEX\MiKTeX\tex\generic\pgf\utilities\pgfkeys.code.te
x"))
("C:\Program Files\PortableTEX\MiKTeX\tex\generic\pgf\utilities\pgffor.code.tex
"
Package: pgffor 2010/03/23 v2.10 (rcs-revision 1.18)
\pgffor@iter=\dimen181
\pgffor@skip=\dimen182
\pgffor@stack=\toks41
\pgffor@toks=\toks42
))
("C:\Program Files\PortableTEX\MiKTeX\tex\generic\pgf\frontendlayer\tikz\tikz.c
ode.tex"
Package: tikz 2010/10/13 v2.10 (rcs-revision 1.76)

("C:\Program Files\PortableTEX\MiKTeX\tex\generic\pgf\libraries\pgflibraryploth
andlers.code.tex"
File: pgflibraryplothandlers.code.tex 2010/05/31 v2.10 (rcs-revision 1.15)
\pgf@plot@mark@count=\count135
\pgfplotmarksize=\dimen183
)
\tikz@lastx=\dimen184
\tikz@lasty=\dimen185
\tikz@lastxsaved=\dimen186
\tikz@lastysaved=\dimen187
\tikzleveldistance=\dimen188
\tikzsiblingdistance=\dimen189
\tikz@figbox=\box44
\tikz@tempbox=\box45
\tikztreelevel=\count136
\tikznumberofchildren=\count137
\tikznumberofcurrentchild=\count138
\tikz@fig@count=\count139

("C:\Program Files\PortableTEX\MiKTeX\tex\generic\pgf\modules\pgfmodulematrix.c
ode.tex"
File: pgfmodulematrix.code.tex 2010/08/24  (rcs-revision 1.4)
\pgfmatrixcurrentrow=\count140
\pgfmatrixcurrentcolumn=\count141
\pgf@matrix@numberofcolumns=\count142
)
\tikz@expandcount=\count143

("C:\Program Files\PortableTEX\MiKTeX\tex\generic\pgf\frontendlayer\tikz\librar
ies\tikzlibrarytopaths.code.tex"
File: tikzlibrarytopaths.code.tex 2008/06/17 v2.10 (rcs-revision 1.2)
)))
("C:\Program Files\PortableTEX\MiKTeX\tex\latex\tikz-qtree\tikz-qtree.sty"
("C:\Program Files\PortableTEX\MiKTeX\tex\latex\tikz-qtree\pgftree.sty"
("C:\Program Files\PortableTEX\MiKTeX\tex\latex\tikz-qtree\pgfsubpic.sty"
("C:\Program Files\PortableTEX\MiKTeX\tex\generic\tikz-qtree\pgfsubpic.tex"
\pgf@subpicminx=\dimen190
\pgf@subpicminy=\dimen191
\pgf@subpicmaxx=\dimen192
\pgf@subpicmaxy=\dimen193
))
("C:\Program Files\PortableTEX\MiKTeX\tex\generic\tikz-qtree\pgftree.tex"
\levelsep=\dimen194
\subtreesep=\dimen195
\smuggle@levelsep=\dimen196
\smuggle@subtreesep=\dimen197
\this@levelsep=\dimen198
\this@subtreesep=\dimen199
\pgftree@childx=\dimen200
\pgftree@savechildx=\dimen201
\pgftree@childy=\dimen202
\pgftree@savechildy=\dimen203
\pgftree@childi=\count144
\pgftree@savechildi=\count145
\pgftree@level=\count146
\pgftree@depth=\dimen204
\pgf@subpic@hbox@children=\box46
\pgf@subpic@minx@children=\dimen205
\pgf@subpic@miny@children=\dimen206
\pgf@subpic@maxx@children=\dimen207
\pgf@subpic@maxy@children=\dimen208
\pgftree@lastchildx=\dimen209
\pgftree@lastchildy=\dimen210
))
("C:\Program Files\PortableTEX\MiKTeX\tex\generic\tikz-qtree\tikz-qtree.tex"
\@result=\toks43
\child@list=\toks44
\root@node=\toks45
))
("C:\Program Files\PortableTEX\MiKTeX\tex\generic\pgf\frontendlayer\tikz\librar
ies\tikzlibraryshadows.code.tex"
File: tikzlibraryshadows.code.tex 2008/01/13 v2.10 (rcs-revision 1.3)

("C:\Program Files\PortableTEX\MiKTeX\tex\generic\pgf\frontendlayer\tikz\librar
ies\tikzlibraryfadings.code.tex"
File: tikzlibraryfadings.code.tex 2009/11/15 v2.10 (rcs-revision 1.2)

("C:\Program Files\PortableTEX\MiKTeX\tex\generic\pgf\libraries\pgflibraryfadin
gs.code.tex"
File: pgflibraryfadings.code.tex 2008/02/07 v2.10 (rcs-revision 1.3)
)))
("C:\Program Files\PortableTEX\MiKTeX\tex\generic\pgf\frontendlayer\tikz\librar
ies\tikzlibrarytrees.code.tex"
File: tikzlibrarytrees.code.tex 2008/02/24 v2.10 (rcs-revision 1.2)
)
("C:\Program Files\PortableTEX\MiKTeX\tex\generic\pgf\frontendlayer\tikz\librar
ies\tikzlibraryarrows.code.tex"
File: tikzlibraryarrows.code.tex 2008/01/09 v2.10 (rcs-revision 1.1)

("C:\Program Files\PortableTEX\MiKTeX\tex\generic\pgf\libraries\pgflibraryarrow
s.code.tex"
File: pgflibraryarrows.code.tex 2008/10/27 v2.10 (rcs-revision 1.9)
\arrowsize=\dimen211
))
("C:\Program Files\PortableTEX\MiKTeX\tex\generic\pgf\frontendlayer\tikz\librar
ies\tikzlibraryautomata.code.tex"
File: tikzlibraryautomata.code.tex 2008/07/14 v2.10 (rcs-revision 1.3)

("C:\Program Files\PortableTEX\MiKTeX\tex\generic\pgf\frontendlayer\tikz\librar
ies\tikzlibraryshapes.multipart.code.tex"
File: tikzlibraryshapes.multipart.code.tex 2008/01/09 v2.10 (rcs-revision 1.1)

("C:\Program Files\PortableTEX\MiKTeX\tex\generic\pgf\libraries\shapes\pgflibra
ryshapes.multipart.code.tex"
File: pgflibraryshapes.multipart.code.tex 2010/01/07 v2.10 (rcs-revision 1.2)
\pgfnodepartlowerbox=\box47
\pgfnodeparttwobox=\box48
\pgfnodepartthreebox=\box49
\pgfnodepartfourbox=\box50
\pgfnodeparttwentybox=\box51
\pgfnodepartnineteenbox=\box52
\pgfnodeparteighteenbox=\box53
\pgfnodepartseventeenbox=\box54
\pgfnodepartsixteenbox=\box55
\pgfnodepartfifteenbox=\box56
\pgfnodepartfourteenbox=\box57
\pgfnodepartthirteenbox=\box58
\pgfnodeparttwelvebox=\box59
\pgfnodepartelevenbox=\box60
\pgfnodeparttenbox=\box61
\pgfnodepartninebox=\box62
\pgfnodeparteightbox=\box63
\pgfnodepartsevenbox=\box64
\pgfnodepartsixbox=\box65
\pgfnodepartfivebox=\box66
)))
("C:\Program Files\PortableTEX\MiKTeX\tex\generic\pgf\frontendlayer\tikz\librar
ies\tikzlibrarypositioning.code.tex"
File: tikzlibrarypositioning.code.tex 2008/10/06 v2.10 (rcs-revision 1.7)
)
("C:\Program Files\PortableTEX\MiKTeX\tex\latex\hyperref\hyperref.sty"
Package: hyperref 2012/11/06 v6.83m Hypertext links for LaTeX

("C:\Program Files\PortableTEX\MiKTeX\tex\generic\oberdiek\hobsub-hyperref.sty"
Package: hobsub-hyperref 2012/04/25 v1.12 Bundle oberdiek, subset hyperref (HO)

("C:\Program Files\PortableTEX\MiKTeX\tex\generic\oberdiek\hobsub-generic.sty"
Package: hobsub-generic 2012/04/25 v1.12 Bundle oberdiek, subset generic (HO)
Package: hobsub 2012/04/25 v1.12 Construct package bundles (HO)
Package hobsub Info: Skipping package `infwarerr' (already loaded).
Package hobsub Info: Skipping package `ltxcmds' (already loaded).
Package hobsub Info: Skipping package `ifluatex' (already loaded).
Package hobsub Info: Skipping package `ifvtex' (already loaded).
Package: intcalc 2007/09/27 v1.1 Expandable calculations with integers (HO)
Package hobsub Info: Skipping package `ifpdf' (already loaded).
Package: etexcmds 2011/02/16 v1.5 Avoid name clashes with e-TeX commands (HO)
Package etexcmds Info: Could not find \expanded.
(etexcmds)             That can mean that you are not using pdfTeX 1.50 or
(etexcmds)             that some package has redefined \expanded.
(etexcmds)             In the latter case, load this package earlier.
Package: kvsetkeys 2012/04/25 v1.16 Key value parser (HO)
Package: kvdefinekeys 2011/04/07 v1.3 Define keys (HO)
Package hobsub Info: Skipping package `pdftexcmds' (already loaded).
Package hobsub Info: Skipping package `pdfescape' (already loaded).
Package: bigintcalc 2012/04/08 v1.3 Expandable calculations on big integers (HO
)
Package: bitset 2011/01/30 v1.1 Handle bit-vector datatype (HO)
Package: uniquecounter 2011/01/30 v1.2 Provide unlimited unique counter (HO)
)
Package hobsub Info: Skipping package `hobsub' (already loaded).
Package: letltxmacro 2010/09/02 v1.4 Let assignment for LaTeX macros (HO)
Package: hopatch 2011/06/24 v1.1 Wrapper for package hooks (HO)
Package: xcolor-patch 2011/01/30 xcolor patch
Package: atveryend 2011/06/30 v1.8 Hooks at the very end of document (HO)
Package atveryend Info: \enddocument detected (standard20110627).
Package: atbegshi 2011/10/05 v1.16 At begin shipout hook (HO)
Package: refcount 2011/10/16 v3.4 Data extraction from label references (HO)
Package: hycolor 2011/01/30 v1.7 Color options for hyperref/bookmark (HO)
) ("C:\Program Files\PortableTEX\MiKTeX\tex\latex\oberdiek\auxhook.sty"
Package: auxhook 2011/03/04 v1.3 Hooks for auxiliary files (HO)
)
("C:\Program Files\PortableTEX\MiKTeX\tex\latex\oberdiek\kvoptions.sty"
Package: kvoptions 2011/06/30 v3.11 Key value format for package options (HO)
)
\@linkdim=\dimen212
\Hy@linkcounter=\count147
\Hy@pagecounter=\count148

("C:\Program Files\PortableTEX\MiKTeX\tex\latex\hyperref\pd1enc.def"
File: pd1enc.def 2012/11/06 v6.83m Hyperref: PDFDocEncoding definition (HO)
)
\Hy@SavedSpaceFactor=\count149
Package hyperref Info: Option `unicode' set `true' on input line 3411.

("C:\Program Files\PortableTEX\MiKTeX\tex\latex\hyperref\puenc.def"
File: puenc.def 2012/11/06 v6.83m Hyperref: PDF Unicode definition (HO)
)
("C:\Program Files\PortableTEX\MiKTeX\tex\latex\00miktex\hyperref.cfg"
File: hyperref.cfg 2002/06/06 v1.2 hyperref configuration of TeXLive
)
Package hyperref Info: Option `colorlinks' set `true' on input line 4319.
Package hyperref Info: Hyper figures OFF on input line 4443.
Package hyperref Info: Link nesting OFF on input line 4448.
Package hyperref Info: Hyper index ON on input line 4451.
Package hyperref Info: Plain pages OFF on input line 4458.
Package hyperref Info: Backreferencing OFF on input line 4463.
Package hyperref Info: Implicit mode ON; LaTeX internals redefined.
Package hyperref Info: Bookmarks ON on input line 4688.
\c@Hy@tempcnt=\count150

("C:\Program Files\PortableTEX\MiKTeX\tex\latex\ltxmisc\url.sty"
\Urlmuskip=\muskip11
Package: url 2006/04/12  ver 3.3  Verb mode for urls, etc.
)
LaTeX Info: Redefining \url on input line 5041.
\XeTeXLinkMargin=\dimen213
\Fld@menulength=\count151
\Field@Width=\dimen214
\Fld@charsize=\dimen215
Package hyperref Info: Hyper figures OFF on input line 6295.
Package hyperref Info: Link nesting OFF on input line 6300.
Package hyperref Info: Hyper index ON on input line 6303.
Package hyperref Info: backreferencing OFF on input line 6310.
Package hyperref Info: Link coloring ON on input line 6313.
Package hyperref Info: Link coloring with OCG OFF on input line 6320.
Package hyperref Info: PDF/A mode OFF on input line 6325.
LaTeX Info: Redefining \ref on input line 6365.
LaTeX Info: Redefining \pageref on input line 6369.
\Hy@abspage=\count152
\c@Item=\count153
\c@Hfootnote=\count154
)

Package hyperref Message: Driver (autodetected): hpdftex.

("C:\Program Files\PortableTEX\MiKTeX\tex\latex\hyperref\hpdftex.def"
File: hpdftex.def 2012/11/06 v6.83m Hyperref driver for pdfTeX
\Fld@listcount=\count155
\c@bookmark@seq@number=\count156

("C:\Program Files\PortableTEX\MiKTeX\tex\latex\oberdiek\rerunfilecheck.sty"
Package: rerunfilecheck 2011/04/15 v1.7 Rerun checks for auxiliary files (HO)
Package uniquecounter Info: New unique counter `rerunfilecheck' on input line 2
82.
)
\Hy@SectionHShift=\skip62
)
\c@lem=\count157

(C:\Users\–ö–æ–∂–∏–Ω–∞–û–ª—å–≥–∞\docs\essays\DFS-master\pract-example.aux)
LaTeX Font Info:    Checking defaults for OML/cmm/m/it on input line 47.
LaTeX Font Info:    ... okay on input line 47.
LaTeX Font Info:    Checking defaults for T1/cmr/m/n on input line 47.
LaTeX Font Info:    ... okay on input line 47.
LaTeX Font Info:    Checking defaults for OT1/cmr/m/n on input line 47.
LaTeX Font Info:    ... okay on input line 47.
LaTeX Font Info:    Checking defaults for OMS/cmsy/m/n on input line 47.
LaTeX Font Info:    ... okay on input line 47.
LaTeX Font Info:    Checking defaults for OMX/cmex/m/n on input line 47.
LaTeX Font Info:    ... okay on input line 47.
LaTeX Font Info:    Checking defaults for U/cmr/m/n on input line 47.
LaTeX Font Info:    ... okay on input line 47.
LaTeX Font Info:    Checking defaults for T2A/cmr/m/n on input line 47.
LaTeX Font Info:    ... okay on input line 47.
LaTeX Font Info:    Checking defaults for PD1/pdf/m/n on input line 47.
LaTeX Font Info:    ... okay on input line 47.
LaTeX Font Info:    Checking defaults for PU/pdf/m/n on input line 47.
LaTeX Font Info:    ... okay on input line 47.
LaTeX Font Info:    Try loading font information for T2A+ftm on input line 47.

("C:\Program Files\PortableTEX\localtexmf\tex\latex\pscyr\t2aftm.fd"
File: t2aftm.fd 2001/03/03 v0.4c PS font definitions for T2A/TimesNewRomanPSMT/
PSCyr
)
*geometry* driver: auto-detecting
*geometry* detected driver: pdftex
*geometry* verbose mode - [ preamble ] result:
* driver: pdftex
* paper: a4paper
* layout: <same size as paper>
* layoutoffset:(h,v)=(0.0pt,0.0pt)
* modes: 
* h-part:(L,W,R)=(71.13188pt, 483.69687pt, 42.67912pt)
* v-part:(T,H,B)=(56.9055pt, 731.23584pt, 56.9055pt)
* \paperwidth=597.50787pt
* \paperheight=845.04684pt
* \textwidth=483.69687pt
* \textheight=731.23584pt
* \oddsidemargin=-1.1381pt
* \evensidemargin=-1.1381pt
* \topmargin=-15.36449pt
* \headheight=0.0pt
* \headsep=0.0pt
* \topskip=14.0pt
* \footskip=28.45274pt
* \marginparwidth=24.0pt
* \marginparsep=10.0pt
* \columnsep=10.0pt
* \skip\footins=12.0pt plus 4.0pt minus 2.0pt
* \hoffset=0.0pt
* \voffset=0.0pt
* \mag=1000
* \@twocolumnfalse
* \@twosidefalse
* \@mparswitchfalse
* \@reversemarginfalse
* (1in=72.27pt=25.4mm, 1cm=28.453pt)

Package caption Info: Begin \AtBeginDocument code.
Package caption Info: hyperref package is loaded.
Package caption Info: listings package is loaded.
Package caption Info: longtable package is loaded.
("C:\Program Files\PortableTEX\MiKTeX\tex\latex\caption\ltcaption.sty"
Package: ltcaption 2013/02/03 v1.3-62 longtable captions (AR)
)
Package caption Info: End \AtBeginDocument code.

("C:\Program Files\PortableTEX\MiKTeX\tex\context\base\supp-pdf.mkii"
[Loading MPS to PDF converter (version 2006.09.02).]
\scratchcounter=\count158
\scratchdimen=\dimen216
\scratchbox=\box67
\nofMPsegments=\count159
\nofMParguments=\count160
\everyMPshowfont=\toks46
\MPscratchCnt=\count161
\MPscratchDim=\dimen217
\MPnumerator=\count162
\makeMPintoPDFobject=\count163
\everyMPtoPDFconversion=\toks47
)
\c@lstlisting=\count164
 ABD: EveryShipout initializing macros
\AtBeginShipoutBox=\box68
Package hyperref Info: Link coloring ON on input line 47.

("C:\Program Files\PortableTEX\MiKTeX\tex\latex\hyperref\nameref.sty"
Package: nameref 2012/10/27 v2.43 Cross-referencing by name of section

("C:\Program Files\PortableTEX\MiKTeX\tex\generic\oberdiek\gettitlestring.sty"
Package: gettitlestring 2010/12/03 v1.4 Cleanup title references (HO)
)
\c@section@level=\count165
)
LaTeX Info: Redefining \ref on input line 47.
LaTeX Info: Redefining \pageref on input line 47.
LaTeX Info: Redefining \nameref on input line 47.
 (C:\Users\–ö–æ–∂–∏–Ω–∞–û–ª—å–≥–∞\docs\essays\DFS-master\pract-example.out)
(C:\Users\–ö–æ–∂–∏–Ω–∞–û–ª—å–≥–∞\docs\essays\DFS-master\pract-example.out)
\@outlinefile=\write5
LaTeX Font Info:    Try loading font information for U+msa on input line 111.

("C:\Program Files\PortableTEX\MiKTeX\tex\latex\amsfonts\umsa.fd"
File: umsa.fd 2009/06/22 v3.00 AMS symbols A
)
LaTeX Font Info:    Try loading font information for U+msb on input line 111.

("C:\Program Files\PortableTEX\MiKTeX\tex\latex\amsfonts\umsb.fd"
File: umsb.fd 2009/06/22 v3.00 AMS symbols B
) [1

{C:/Program Files/PortableTEX/MiKTeX/pdftex/config/pdftex.map}] [2]
(C:\Users\–ö–æ–∂–∏–Ω–∞–û–ª—å–≥–∞\docs\essays\DFS-master\pract-example.toc
LaTeX Font Info:    Try loading font information for OT1+ftm on input line 1.

("C:\Program Files\PortableTEX\localtexmf\tex\latex\pscyr\ot1ftm.fd"
File: ot1ftm.fd 2001/03/03 Fontinst v1.801 font definitions for OT1/ftm.
))
\tf@toc=\write6
 [3

]
[4

] <tree_g.jpg, id=141, 437.635pt x 375.4025pt>
File: tree_g.jpg Graphic file (type jpg)
 <use tree_g.jpg>
Package pdftex.def Info: tree_g.jpg used on input line 153.
(pdftex.def)             Requested size: 328.22543pt x 281.55118pt.
 [5

 <C:/Users/–ö–æ–∂–∏–Ω–∞–û–ª—å–≥–∞/docs/essays/DFS-master/tree_g.jpg>]
LaTeX Font Info:    Try loading font information for T2A+cmtt on input line 160
.

("C:\Program Files\PortableTEX\MiKTeX\tex\latex\cyrillic\t2acmtt.fd"
File: t2acmtt.fd 2001/08/11 v1.0a Computer Modern Cyrillic font definitions
) [6]
<timestamps.png, id=160, 187.45032pt x 248.42813pt>
File: timestamps.png Graphic file (type png)
 <use timestamps.png>
Package pdftex.def Info: timestamps.png used on input line 206.
(pdftex.def)             Requested size: 187.44984pt x 248.42752pt.

<timeline.png, id=161, 383.18156pt x 129.48375pt>
File: timeline.png Graphic file (type png)
 <use timeline.png>
Package pdftex.def Info: timeline.png used on input line 211.
(pdftex.def)             Requested size: 383.18062pt x 129.48341pt.
 [7]
<edges.png, id=170, 359.09157pt x 165.61874pt>
File: edges.png Graphic file (type png)
 <use edges.png>
Package pdftex.def Info: edges.png used on input line 228.
(pdftex.def)             Requested size: 359.09068pt x 165.61833pt.
 [8 <C:/Users/–ö–æ–∂–∏–Ω–∞–û–ª—å–≥–∞/docs/essays/DFS-master/timestamps.png> <C:
/Users/–ö–æ–∂–∏–Ω–∞–û–ª—å–≥–∞/docs/essays/DFS-master/timeline.png>]
Overfull \hbox (4.76292pt too wide) in paragraph at lines 252--253
[]\T2A/ftm/m/n/14.4 “ÓÔÓÎÓ„Ë˜ÂÒÍ‡ˇ ÒÓ-ÚË-Ó‚-Í‡ ÓË-ÂÌ-ÚË-Ó-‚‡Ì-ÌÓ-„Ó ‡ˆËÍ-ÎË
-˜Â-ÒÍÓ-„Ó „‡-Ù‡ ÔÂ‰-
 []

[9 <C:/Users/–ö–æ–∂–∏–Ω–∞–û–ª—å–≥–∞/docs/essays/DFS-master/edges.png>]
<toposort1.png, id=187, 298.11375pt x 158.09062pt>
File: toposort1.png Graphic file (type png)
 <use toposort1.png>
Package pdftex.def Info: toposort1.png used on input line 257.
(pdftex.def)             Requested size: 298.11302pt x 158.09023pt.

<toposort2.png, id=188, 438.13687pt x 62.48344pt>
File: toposort2.png Graphic file (type png)
 <use toposort2.png>
Package pdftex.def Info: toposort2.png used on input line 263.
(pdftex.def)             Requested size: 438.13579pt x 62.48328pt.
 [10 <C:/Users/–ö–æ–∂–∏–Ω–∞–û–ª—å–≥–∞/docs/essays/DFS-master/toposort1.png> <C:
/Users/–ö–æ–∂–∏–Ω–∞–û–ª—å–≥–∞/docs/essays/DFS-master/toposort2.png>]

LaTeX Warning: Command \cyrs invalid in math mode on input line 295.

Missing character: There is no Ò in font cmr12!
[11

] [12] [13] [14]
(C:\Users\–ö–æ–∂–∏–Ω–∞–û–ª—å–≥–∞\docs\essays\DFS-master\pract-example.bbl
[15

]) ("C:\Program Files\PortableTEX\MiKTeX\tex\latex\listings\lstlang1.sty"
File: lstlang1.sty 2015/06/04 1.6 listings language file
)
("C:\Program Files\PortableTEX\MiKTeX\tex\latex\listings\lstlang1.sty"
File: lstlang1.sty 2015/06/04 1.6 listings language file
)
("C:\Program Files\PortableTEX\MiKTeX\tex\latex\listings\lstmisc.sty"
File: lstmisc.sty 2015/06/04 1.6 (Carsten Heinz)
) [16

]
(C:\Users\–ö–æ–∂–∏–Ω–∞–û–ª—å–≥–∞\docs\essays\DFS-master\A.cpp [17

])
(C:\Users\–ö–æ–∂–∏–Ω–∞–û–ª—å–≥–∞\docs\essays\DFS-master\B.cpp [18])
(C:\Users\–ö–æ–∂–∏–Ω–∞–û–ª—å–≥–∞\docs\essays\DFS-master\C.cpp [19] [20])
(C:\Users\–ö–æ–∂–∏–Ω–∞–û–ª—å–≥–∞\docs\essays\DFS-master\G.cpp [21] [22])
Package atveryend Info: Empty hook `BeforeClearDocument' on input line 416.

[23]
Package atveryend Info: Empty hook `AfterLastShipout' on input line 416.
 (C:\Users\–ö–æ–∂–∏–Ω–∞–û–ª—å–≥–∞\docs\essays\DFS-master\pract-example.aux)
Package atveryend Info: Executing hook `AtVeryEndDocument' on input line 416.
Package atveryend Info: Executing hook `AtEndAfterFileList' on input line 416.
Package rerunfilecheck Info: File `pract-example.out' has not changed.
(rerunfilecheck)             Checksum: 0FDA8CAD5A41E331D8AF72F6063654BE;4812.
Package atveryend Info: Empty hook `AtVeryVeryEnd' on input line 416.
 ) 
Here is how much of TeX's memory you used:
 24618 strings out of 493921
 419012 string characters out of 3149748
 591392 words of memory out of 3000000
 27099 multiletter control sequences out of 15000+200000
 16281 words of font info for 39 fonts, out of 3000000 for 9000
 841 hyphenation exceptions out of 8191
 56i,8n,69p,749b,1926s stack positions out of 5000i,500n,10000p,200000b,50000s
 <C:\Program Files\PortableTEX\MiKTeX\fonts\pk\ljfour\lh\lh-t2a\dpi600\latt14
40.pk> <C:\Program Files\PortableTEX\MiKTeX\fonts\pk\ljfour\lh\lh-t2a\dpi600\la
tt1200.pk>{C:/Program Files/PortableTEX/MiKTeX/fonts/enc/t2/t2a.enc}<C:/Program
 Files/PortableTEX/MiKTeX/fonts/type1/public/amsfonts/cm/cmmi12.pfb><C:/Program
 Files/PortableTEX/MiKTeX/fonts/type1/public/amsfonts/cm/cmr10.pfb><C:/Program 
Files/PortableTEX/MiKTeX/fonts/type1/public/amsfonts/cm/cmr12.pfb><C:/Program F
iles/PortableTEX/MiKTeX/fonts/type1/public/amsfonts/cm/cmsy10.pfb><C:/Program F
iles/PortableTEX/MiKTeX/fonts/type1/public/amsfonts/symbols/msam10.pfb><C:/Prog
ram Files/PortableTEX/localtexmf/fonts/type1/public/pscyr/times.pfb><C:/Program
 Files/PortableTEX/localtexmf/fonts/type1/public/pscyr/timesbd.pfb><C:/Program 
Files/PortableTEX/localtexmf/fonts/type1/public/pscyr/timesi.pfb>
Output written on pract-example.pdf (23 pages, 379138 bytes).
PDF statistics:
 725 PDF objects out of 1000 (max. 8388607)
 357 named destinations out of 1000 (max. 500000)
 291 words of extra memory for PDF output out of 10000 (max. 10000000)

